<?xml version="1.0" encoding="UTF-8"?>
<testsuites name="Visual Test Suite" time="55.376" tests="1" failures="0" errors="0">
   <testsuite name="Visual Test Suite" tests="1" failures="0" errors="0" time="55.376" skipped="0" timestamp="2023-10-18 12:39:34" hostname="arjun.s - ARJUNSRAJ.experionglobal.local" id="Test Suites/Visual Test Suite">
      <properties>
         <property name="deviceName" value=""/>
         <property name="devicePlatform" value=""/>
         <property name="logFolder" value="C:\\Users\\arjun.s\\git\\CAR_Tests\\Reports\\20231018_123929\\Visual Test Suite\\20231018_123930"/>
         <property name="logFiles" value="C:\\Users\\arjun.s\\git\\CAR_Tests\\Reports\\20231018_123929\\Visual Test Suite\\20231018_123930\\execution0.log"/>
         <property name="attachments" value="keyes\keyes-HomePage.png"/>
         <property name="hostName" value="arjun.s - ARJUNSRAJ.experionglobal.local"/>
         <property name="os" value="Windows 10 64bit"/>
         <property name="katalonVersion" value="8.6.8.208"/>
         <property name="browser" value="Chrome 118.0.0.0"/>
         <property name="hostAddress" value="172.16.35.44"/>
         <property name="sessionId" value="702beb33e3897a2fcbcfc3cff8f87c84"/>
         <property name="seleniumVersion" value="3.141.59"/>
         <property name="proxyInformation" value="ProxyInformation { proxyOption=NO_PROXY, proxyServerType=HTTP, username=, password=********, proxyServerAddress=, proxyServerPort=0, executionList=&quot;&quot;, isApplyToDesiredCapabilities=true }"/>
         <property name="platform" value="Windows 10"/>
      </properties>
      <testcase name="Test Cases/Visual Sample Test" time="54.721" classname="Test Cases/Visual Sample Test" status="PASSED">
         <system-out><![CDATA[2023-10-18 12:39:35 - [TEST_CASE][PASSED] - Test Cases/Visual Sample Test: Test Cases/Visual Sample Test

2023-10-18 12:39:35 - [TEST_STEP][PASSED] - openBrowser(""): Browser is opened with url: ''

2023-10-18 12:39:36 - [MESSAGE][INFO] - Starting 'Chrome' driver

2023-10-18 12:39:36 - [MESSAGE][INFO] - Action delay is set to 0 milliseconds

2023-10-18 12:39:39 - [MESSAGE][PASSED] - Browser is opened with url: ''

2023-10-18 12:39:39 - [TEST_STEP][PASSED] - navigateToUrl("https://app.qa.ims.experionglobal.dev/login"): Navigate to 'https://app.qa.ims.experionglobal.dev/login' successfully

2023-10-18 12:39:40 - [MESSAGE][PASSED] - Navigate to 'https://app.qa.ims.experionglobal.dev/login' successfully

2023-10-18 12:39:40 - [TEST_STEP][PASSED] - click(findTestObject("Object Repository/Home Page/Login with Google Button")): Object: 'Object Repository/Home Page/Login with Google Button' is clicked on

2023-10-18 12:39:40 - [MESSAGE][PASSED] - Object: 'Object Repository/Home Page/Login with Google Button' is clicked on

2023-10-18 12:39:40 - [TEST_STEP][PASSED] - setText(findTestObject("Object Repository/Google Authentication Page/Username Box"), "superadmintestusercar@experionglobal.dev"): Text 'superadmintestusercar@experionglobal.dev' is set on object 'Object Repository/Google Authentication Page/Username Box'

2023-10-18 12:39:46 - [MESSAGE][PASSED] - Text 'superadmintestusercar@experionglobal.dev' is set on object 'Object Repository/Google Authentication Page/Username Box'

2023-10-18 12:39:46 - [TEST_STEP][PASSED] - click(findTestObject("Google Authentication Page/Next Button")): Object: 'Object Repository/Google Authentication Page/Next Button' is clicked on

2023-10-18 12:39:46 - [MESSAGE][PASSED] - Object: 'Object Repository/Google Authentication Page/Next Button' is clicked on

2023-10-18 12:39:46 - [TEST_STEP][PASSED] - setEncryptedText(findTestObject("Object Repository/Google Authentication Page/Password Box"), "7326p5kcqg39Yf9y5Lk4nA=="): Text ****** has been set on object 'Object Repository/Google Authentication Page/Password Box'

2023-10-18 12:39:49 - [MESSAGE][PASSED] - Text ****** has been set on object 'Object Repository/Google Authentication Page/Password Box'

2023-10-18 12:39:49 - [TEST_STEP][PASSED] - click(findTestObject("Object Repository/Google Authentication Page/Next Button")): Object: 'Object Repository/Google Authentication Page/Next Button' is clicked on

2023-10-18 12:39:50 - [MESSAGE][PASSED] - Object: 'Object Repository/Google Authentication Page/Next Button' is clicked on

2023-10-18 12:39:50 - [TEST_STEP][PASSED] - verifyElementText(findTestObject("Object Repository/Home Page/First Navigation Item"), "Home"): Actual text and expected text of test object 'Object Repository/Home Page/First Navigation Item' are matched.

2023-10-18 12:39:55 - [MESSAGE][PASSED] - Actual text and expected text of test object 'Object Repository/Home Page/First Navigation Item' are matched.

2023-10-18 12:39:55 - [TEST_STEP][PASSED] - if (verifyElementText(findTestObject("Object Repository/Home Page/First Navigation Item"), "Home")): null

2023-10-18 12:40:25 - [MESSAGE][PASSED] - Actual text and expected text of test object 'Object Repository/Home Page/First Navigation Item' are matched.

2023-10-18 12:40:25 - [TEST_STEP][PASSED] - isLoggedIn = true: null

2023-10-18 12:40:25 - [TEST_STEP][PASSED] - maximizeWindow(): Current window maximized

2023-10-18 12:40:25 - [MESSAGE][PASSED] - Current window maximized

2023-10-18 12:40:25 - [TEST_STEP][PASSED] - takeScreenshotAsCheckpoint("HomePage"): Taking screenshot successfully

2023-10-18 12:40:29 - [MESSAGE][INFO] - 0 hidden object(s)

2023-10-18 12:40:29 - [MESSAGE][PASSED] - Taking screenshot successfully
[[ATTACHMENT|keyes\keyes-HomePage.png]]]]></system-out>
         <system-err><![CDATA[]]></system-err>
      </testcase>
      <system-out><![CDATA[2023-10-18 12:39:34 - [TEST_SUITE][PASSED] - Visual Test Suite: Test Cases/Visual Sample Test]]></system-out>
      <system-err><![CDATA[]]></system-err>
   </testsuite>
</testsuites>
